   1               		.file	"main.c"
   2               	__SREG__ = 0x3f
   3               	__SP_H__ = 0x3e
   4               	__SP_L__ = 0x3d
   5               	__CCP__  = 0x34
   6               	__tmp_reg__ = 0
   7               	__zero_reg__ = 1
  15               	.Ltext0:
  16               	.global	main
  18               	main:
  19               	.LFB6:
  20               	.LM1:
  21 0000 1F93      		push r17
  22 0002 CF93      		push r28
  23 0004 DF93      		push r29
  24               	/* prologue: function */
  25               	/* frame size = 0 */
  26               	.LM2:
  27 0006 0E94 0000 		call debug_init
  28               	.LM3:
  29               	/* #APP */
  30               	 ;  12 "main.c" 1
  31 000a 7894      		sei
  32               	 ;  0 "" 2
  33               	/* #NOAPP */
  34               	.LBB25:
  35               	.LBB26:
  36               	.LBB27:
  37               	.LBB28:
  38               	.LBB29:
  39               	.LBB30:
  40               	.LM4:
  41 000c CCE2      		ldi r28,lo8(300)
  42 000e D1E0      		ldi r29,hi8(300)
  43               	.LVL0:
  44               	.L5:
  45               	.LBE30:
  46               	.LBE29:
  47               	.LBE28:
  48               	.LBE27:
  49               	.LBE26:
  50               	.LBE25:
  51               	.LM5:
  52 0010 0E94 0000 		call debug_data_available_rx_buf
  53               	.LVL1:
  54 0014 8823      		tst r24
  55 0016 01F0      		breq .L2
  56 0018 10E0      		ldi r17,lo8(0)
  57 001a 00C0      		rjmp .L3
  58               	.L4:
  59               	.LBB36:
  60               	.LM6:
  61 001c 812F      		mov r24,r17
  62 001e 0E94 0000 		call debug_buf_get
  63 0022 0E94 0000 		call debug_tx_byte
  64               	.LM7:
  65 0026 1F5F      		subi r17,lo8(-(1))
  66               	.L3:
  67 0028 0E94 0000 		call debug_available_bytes_rx_buf
  68 002c 1817      		cp r17,r24
  69 002e 00F0      		brlo .L4
  70               	.LBE36:
  71               	.LM8:
  72 0030 0E94 0000 		call debug_flush_buf
  73               	.L2:
  74               	.LBB37:
  75               	.LBB35:
  76               	.LBB34:
  77               	.LBB33:
  78               	.LBB32:
  79               	.LBB31:
  80               	.LM9:
  81 0034 CE01      		movw r24,r28
  82               	.LVL2:
  83               	/* #APP */
  84               	 ;  105 "c:/winavr-20100110/lib/gcc/../../avr/include/util/delay_basic.h" 1
  85 0036 0197      		1: sbiw r24,1
  86 0038 01F4      		brne 1b
  87               	 ;  0 "" 2
  88               	/* #NOAPP */
  89 003a 00C0      		rjmp .L5
  90               	.LBE31:
  91               	.LBE32:
  92               	.LBE33:
  93               	.LBE34:
  94               	.LBE35:
  95               	.LBE37:
  96               	.LFE6:
 122               	.Letext0:
DEFINED SYMBOLS
                            *ABS*:00000000 main.c
C:\Users\farid\AppData\Local\Temp/cchbMUlX.s:2      *ABS*:0000003f __SREG__
C:\Users\farid\AppData\Local\Temp/cchbMUlX.s:3      *ABS*:0000003e __SP_H__
C:\Users\farid\AppData\Local\Temp/cchbMUlX.s:4      *ABS*:0000003d __SP_L__
C:\Users\farid\AppData\Local\Temp/cchbMUlX.s:5      *ABS*:00000034 __CCP__
C:\Users\farid\AppData\Local\Temp/cchbMUlX.s:6      *ABS*:00000000 __tmp_reg__
C:\Users\farid\AppData\Local\Temp/cchbMUlX.s:7      *ABS*:00000001 __zero_reg__
C:\Users\farid\AppData\Local\Temp/cchbMUlX.s:18     .text:00000000 main

UNDEFINED SYMBOLS
debug_init
debug_data_available_rx_buf
debug_buf_get
debug_tx_byte
debug_available_bytes_rx_buf
debug_flush_buf
