   1               		.file	"main.c"
   2               	__SREG__ = 0x3f
   3               	__SP_H__ = 0x3e
   4               	__SP_L__ = 0x3d
   5               	__CCP__  = 0x34
   6               	__tmp_reg__ = 0
   7               	__zero_reg__ = 1
  15               	.Ltext0:
  16               	.global	main
  18               	main:
  19               	.LFB6:
  20               	.LM1:
  21               	/* prologue: function */
  22               	/* frame size = 0 */
  23               	.LM2:
  24 0000 549A      		sbi 42-32,4
  25               	.LM3:
  26 0002 5C98      		cbi 43-32,4
  27               	.LM4:
  28 0004 8AB1      		in r24,42-32
  29 0006 837F      		andi r24,lo8(-13)
  30 0008 8AB9      		out 42-32,r24
  31               	.LM5:
  32 000a 8BB1      		in r24,43-32
  33 000c 8C60      		ori r24,lo8(12)
  34 000e 8BB9      		out 43-32,r24
  35               	.LM6:
  36 0010 0E94 0000 		call Sleep_Init
  37               	.L5:
  38               	.LM7:
  39 0014 0E94 0000 		call WDT_Get_Ticks
  40 0018 6A30      		cpi r22,lo8(10)
  41 001a 7105      		cpc r23,__zero_reg__
  42 001c 8105      		cpc r24,__zero_reg__
  43 001e 9105      		cpc r25,__zero_reg__
  44 0020 00F4      		brsh .L2
  45               	.LM8:
  46 0022 5C9A      		sbi 43-32,4
  47 0024 00C0      		rjmp .L5
  48               	.L2:
  49               	.LM9:
  50 0026 5C98      		cbi 43-32,4
  51               	.LM10:
  52 0028 0E94 0000 		call Deep_Sleep
  53 002c 00C0      		rjmp .L5
  54               	.LFE6:
  56               	.global	last_val
  57               	.global	last_val
  58               		.section .bss
  61               	last_val:
  62 0000 0000 0000 		.skip 4,0
  63               	.global	state
  64               	.global	state
  67               	state:
  68 0004 00        		.skip 1,0
  93               	.Letext0:
DEFINED SYMBOLS
                            *ABS*:00000000 main.c
C:\Users\FARIDU~1\AppData\Local\Temp/ccqDKe1h.s:2      *ABS*:0000003f __SREG__
C:\Users\FARIDU~1\AppData\Local\Temp/ccqDKe1h.s:3      *ABS*:0000003e __SP_H__
C:\Users\FARIDU~1\AppData\Local\Temp/ccqDKe1h.s:4      *ABS*:0000003d __SP_L__
C:\Users\FARIDU~1\AppData\Local\Temp/ccqDKe1h.s:5      *ABS*:00000034 __CCP__
C:\Users\FARIDU~1\AppData\Local\Temp/ccqDKe1h.s:6      *ABS*:00000000 __tmp_reg__
C:\Users\FARIDU~1\AppData\Local\Temp/ccqDKe1h.s:7      *ABS*:00000001 __zero_reg__
C:\Users\FARIDU~1\AppData\Local\Temp/ccqDKe1h.s:18     .text:00000000 main
C:\Users\FARIDU~1\AppData\Local\Temp/ccqDKe1h.s:61     .bss:00000000 last_val
C:\Users\FARIDU~1\AppData\Local\Temp/ccqDKe1h.s:67     .bss:00000004 state

UNDEFINED SYMBOLS
Sleep_Init
WDT_Get_Ticks
Deep_Sleep
__do_clear_bss
